<?xml version="1.0" encoding="UTF-8"?>
<testsuite xmlns:xsi="http://www.w3.org/2001/XMLSchema-instance" xsi:noNamespaceSchemaLocation="https://maven.apache.org/surefire/maven-surefire-plugin/xsd/surefire-test-report-3.0.xsd" version="3.0" name="AppTest" time="0.072" tests="5" errors="0" skipped="0" failures="0">
  <properties>
[...]
</properties>
  <testcase name="testSuccessfulAuthentication" classname="AppTest" time="0.033"/>
  <testcase name="testUnauthorizedAccessWrongOtp" classname="AppTest" time="0.003"/>
  <testcase name="testVerifyOtpWithoutPasswordFirst" classname="AppTest" time="0.002"/>
  <testcase name="testUnknownUser" classname="AppTest" time="0.002"/>
  <testcase name="testUnauthorizedAccessWrongPassword" classname="AppTest" time="0.001"/>
</testsuite>